<?xml version="1.0" encoding="UTF-8"?>
<!-- Generated by org.testng.reporters.JUnitReportReporter -->
<testsuite hostname="TWs-MBP-3" failures="0" tests="1" name="org.learnSe.practice.testlearn" time="0.011" errors="0" timestamp="2025-03-25T20:19:49 IST" skipped="0">
  <testcase classname="org.learnSe.practice.testlearn" name="f" time="0.011"/>
</testsuite> <!-- org.learnSe.practice.testlearn -->
